# JRE version: Java(TM) SE Runtime Environment (8.0_71-b15) (build 1.8.0_71-b15)
# Java VM: Java HotSpot(TM) 64-Bit Server VM (25.71-b15 mixed mode windows-amd64 compressed oops)
Heap:
 PSYoungGen      total 137728K, used 32502K [0x00000000eb300000, 0x00000000f4300000, 0x0000000100000000)
  eden space 130560K, 19% used [0x00000000eb300000,0x00000000ecc49750,0x00000000f3280000)
  from space 7168K, 92% used [0x00000000f3a80000,0x00000000f40f42f0,0x00000000f4180000)
  to   space 8192K, 0% used [0x00000000f3280000,0x00000000f3280000,0x00000000f3a80000)
 ParOldGen       total 77824K, used 60034K [0x00000000c1800000, 0x00000000c6400000, 0x00000000eb300000)
  object space 77824K, 77% used [0x00000000c1800000,0x00000000c52a0858,0x00000000c6400000)
 Metaspace       used 55812K, capacity 57146K, committed 57472K, reserved 1099776K
  class space    used 6662K, capacity 6939K, committed 7040K, reserved 1048576K
GC Heap History (10 events):
Event: 80.888 GC heap before
{Heap before GC invocations=65 (full 3):
 PSYoungGen      total 109056K, used 107392K [0x00000000eb300000, 0x00000000f2b00000, 0x0000000100000000)
  eden space 103936K, 100% used [0x00000000eb300000,0x00000000f1880000,0x00000000f1880000)
  from space 5120K, 67% used [0x00000000f1880000,0x00000000f1be0010,0x00000000f1d80000)
  to   space 5120K, 0% used [0x00000000f2600000,0x00000000f2600000,0x00000000f2b00000)
 ParOldGen       total 77824K, used 47644K [0x00000000c1800000, 0x00000000c6400000, 0x00000000eb300000)
  object space 77824K, 61% used [0x00000000c1800000,0x00000000c4687308,0x00000000c6400000)
 Metaspace       used 48390K, capacity 49338K, committed 49408K, reserved 1093632K
  class space    used 5898K, capacity 6133K, committed 6144K, reserved 1048576K
Event: 80.896 GC heap after
Heap after GC invocations=65 (full 3):
 PSYoungGen      total 116736K, used 5088K [0x00000000eb300000, 0x00000000f2d00000, 0x0000000100000000)
  eden space 111616K, 0% used [0x00000000eb300000,0x00000000eb300000,0x00000000f2000000)
  from space 5120K, 99% used [0x00000000f2600000,0x00000000f2af8010,0x00000000f2b00000)
  to   space 6144K, 0% used [0x00000000f2000000,0x00000000f2000000,0x00000000f2600000)
 ParOldGen       total 77824K, used 48196K [0x00000000c1800000, 0x00000000c6400000, 0x00000000eb300000)
  object space 77824K, 61% used [0x00000000c1800000,0x00000000c4711378,0x00000000c6400000)
 Metaspace       used 48390K, capacity 49338K, committed 49408K, reserved 1093632K
  class space    used 5898K, capacity 6133K, committed 6144K, reserved 1048576K
}
Event: 81.613 GC heap before
{Heap before GC invocations=66 (full 3):
 PSYoungGen      total 116736K, used 116704K [0x00000000eb300000, 0x00000000f2d00000, 0x0000000100000000)
  eden space 111616K, 100% used [0x00000000eb300000,0x00000000f2000000,0x00000000f2000000)
  from space 5120K, 99% used [0x00000000f2600000,0x00000000f2af8010,0x00000000f2b00000)
  to   space 6144K, 0% used [0x00000000f2000000,0x00000000f2000000,0x00000000f2600000)
 ParOldGen       total 77824K, used 48196K [0x00000000c1800000, 0x00000000c6400000, 0x00000000eb300000)
  object space 77824K, 61% used [0x00000000c1800000,0x00000000c4711378,0x00000000c6400000)
 Metaspace       used 50055K, capacity 51134K, committed 51328K, reserved 1093632K
  class space    used 5998K, capacity 6251K, committed 6272K, reserved 1048576K
Event: 81.624 GC heap after
Heap after GC invocations=66 (full 3):
 PSYoungGen      total 117760K, used 2944K [0x00000000eb300000, 0x00000000f3600000, 0x0000000100000000)
  eden space 111616K, 0% used [0x00000000eb300000,0x00000000eb300000,0x00000000f2000000)
  from space 6144K, 47% used [0x00000000f2000000,0x00000000f22e0000,0x00000000f2600000)
  to   space 6144K, 0% used [0x00000000f3000000,0x00000000f3000000,0x00000000f3600000)
 ParOldGen       total 77824K, used 53324K [0x00000000c1800000, 0x00000000c6400000, 0x00000000eb300000)
  object space 77824K, 68% used [0x00000000c1800000,0x00000000c4c13388,0x00000000c6400000)
 Metaspace       used 50055K, capacity 51134K, committed 51328K, reserved 1093632K
  class space    used 5998K, capacity 6251K, committed 6272K, reserved 1048576K
}
Event: 82.699 GC heap before
{Heap before GC invocations=67 (full 3):
 PSYoungGen      total 117760K, used 114560K [0x00000000eb300000, 0x00000000f3600000, 0x0000000100000000)
  eden space 111616K, 100% used [0x00000000eb300000,0x00000000f2000000,0x00000000f2000000)
  from space 6144K, 47% used [0x00000000f2000000,0x00000000f22e0000,0x00000000f2600000)
  to   space 6144K, 0% used [0x00000000f3000000,0x00000000f3000000,0x00000000f3600000)
 ParOldGen       total 77824K, used 53324K [0x00000000c1800000, 0x00000000c6400000, 0x00000000eb300000)
  object space 77824K, 68% used [0x00000000c1800000,0x00000000c4c13388,0x00000000c6400000)
 Metaspace       used 52690K, capacity 53802K, committed 54144K, reserved 1097728K
  class space    used 6235K, capacity 6493K, committed 6528K, reserved 1048576K
Event: 82.720 GC heap after
Heap after GC invocations=67 (full 3):
 PSYoungGen      total 126976K, used 6143K [0x00000000eb300000, 0x00000000f3900000, 0x0000000100000000)
  eden space 120832K, 0% used [0x00000000eb300000,0x00000000eb300000,0x00000000f2900000)
  from space 6144K, 99% used [0x00000000f3000000,0x00000000f35fff20,0x00000000f3600000)
  to   space 7168K, 0% used [0x00000000f2900000,0x00000000f2900000,0x00000000f3000000)
 ParOldGen       total 77824K, used 54104K [0x00000000c1800000, 0x00000000c6400000, 0x00000000eb300000)
  object space 77824K, 69% used [0x00000000c1800000,0x00000000c4cd6130,0x00000000c6400000)
 Metaspace       used 52690K, capacity 53802K, committed 54144K, reserved 1097728K
  class space    used 6235K, capacity 6493K, committed 6528K, reserved 1048576K
}
Event: 146.014 GC heap before
{Heap before GC invocations=68 (full 3):
 PSYoungGen      total 126976K, used 126975K [0x00000000eb300000, 0x00000000f3900000, 0x0000000100000000)
  eden space 120832K, 100% used [0x00000000eb300000,0x00000000f2900000,0x00000000f2900000)
  from space 6144K, 99% used [0x00000000f3000000,0x00000000f35fff20,0x00000000f3600000)
  to   space 7168K, 0% used [0x00000000f2900000,0x00000000f2900000,0x00000000f3000000)
 ParOldGen       total 77824K, used 54104K [0x00000000c1800000, 0x00000000c6400000, 0x00000000eb300000)
  object space 77824K, 69% used [0x00000000c1800000,0x00000000c4cd6130,0x00000000c6400000)
 Metaspace       used 54975K, capacity 56308K, committed 56576K, reserved 1099776K
  class space    used 6537K, capacity 6836K, committed 6912K, reserved 1048576K
Event: 146.031 GC heap after
Heap after GC invocations=68 (full 3):
 PSYoungGen      total 128000K, used 4533K [0x00000000eb300000, 0x00000000f4180000, 0x0000000100000000)
  eden space 120832K, 0% used [0x00000000eb300000,0x00000000eb300000,0x00000000f2900000)
  from space 7168K, 63% used [0x00000000f2900000,0x00000000f2d6d7b8,0x00000000f3000000)
  to   space 7168K, 0% used [0x00000000f3a80000,0x00000000f3a80000,0x00000000f4180000)
 ParOldGen       total 77824K, used 60026K [0x00000000c1800000, 0x00000000c6400000, 0x00000000eb300000)
  object space 77824K, 77% used [0x00000000c1800000,0x00000000c529e858,0x00000000c6400000)
 Metaspace       used 54975K, capacity 56308K, committed 56576K, reserved 1099776K
  class space    used 6537K, capacity 6836K, committed 6912K, reserved 1048576K
}
Event: 147.149 GC heap before
{Heap before GC invocations=69 (full 3):
 PSYoungGen      total 128000K, used 125365K [0x00000000eb300000, 0x00000000f4180000, 0x0000000100000000)
  eden space 120832K, 100% used [0x00000000eb300000,0x00000000f2900000,0x00000000f2900000)
  from space 7168K, 63% used [0x00000000f2900000,0x00000000f2d6d7b8,0x00000000f3000000)
  to   space 7168K, 0% used [0x00000000f3a80000,0x00000000f3a80000,0x00000000f4180000)
 ParOldGen       total 77824K, used 60026K [0x00000000c1800000, 0x00000000c6400000, 0x00000000eb300000)
  object space 77824K, 77% used [0x00000000c1800000,0x00000000c529e858,0x00000000c6400000)
 Metaspace       used 55532K, capacity 56858K, committed 57088K, reserved 1099776K
  class space    used 6616K, capacity 6907K, committed 6912K, reserved 1048576K
Event: 147.160 GC heap after
Heap after GC invocations=69 (full 3):
 PSYoungGen      total 137728K, used 6608K [0x00000000eb300000, 0x00000000f4300000, 0x0000000100000000)
  eden space 130560K, 0% used [0x00000000eb300000,0x00000000eb300000,0x00000000f3280000)
  from space 7168K, 92% used [0x00000000f3a80000,0x00000000f40f42f0,0x00000000f4180000)
  to   space 8192K, 0% used [0x00000000f3280000,0x00000000f3280000,0x00000000f3a80000)
 ParOldGen       total 77824K, used 60034K [0x00000000c1800000, 0x00000000c6400000, 0x00000000eb300000)
  object space 77824K, 77% used [0x00000000c1800000,0x00000000c52a0858,0x00000000c6400000)
 Metaspace       used 55532K, capacity 56858K, committed 57088K, reserved 1099776K
  class space    used 6616K, capacity 6907K, committed 6912K, reserved 1048576K
}

